2025-06-14 00:14:27,971 - __main__ - INFO - [테스트 시작] 차량번호: 123가4567
2025-06-14 00:14:29,447 - stores.a_store - INFO - [시작] A 매장 자동화 시작
2025-06-14 00:14:29,526 - stores.a_store - INFO - [팝업처리] 인트로 팝업 닫기 성공
2025-06-14 00:14:29,583 - stores.a_store - INFO - [팝업처리] 공지 팝업 닫기 성공
2025-06-14 00:14:29,991 - stores.a_store - INFO - [로그인] 로그인 성공
2025-06-14 00:14:30,380 - stores.a_store - INFO - [로그인 후] 첫 번째 팝업 닫기 버튼 클릭 성공
2025-06-14 00:14:30,417 - stores.a_store - INFO - [로그인 후] 두 번째 팝업 닫기 버튼 클릭 성공
2025-06-14 00:14:30,431 - stores.a_store - INFO - [차량검색] 차량 번호 입력 성공
2025-06-14 00:15:31,534 - stores.a_store - ERROR - [차량검색] 차량 선택 버튼 클릭 실패: Timeout 30000ms exceeded.
2025-06-14 00:15:31,608 - __main__ - ERROR - [테스트 실패] 쿠폰 처리 중 오류가 발생했습니다.
2025-06-14 00:28:18,499 - __main__ - INFO - [테스트 시작] 차량번호: 1234
2025-06-14 00:28:19,754 - stores.a_store - INFO - [시작] A 매장 자동화 시작
2025-06-14 00:28:19,807 - stores.a_store - INFO - [팝업처리] 인트로 팝업 닫기 성공
2025-06-14 00:28:19,865 - stores.a_store - INFO - [팝업처리] 공지 팝업 닫기 성공
2025-06-14 00:28:20,256 - stores.a_store - INFO - [로그인] 로그인 성공
2025-06-14 00:28:20,754 - stores.a_store - INFO - [로그인 후] 첫 번째 팝업 닫기 버튼 클릭 성공
2025-06-14 00:28:20,818 - stores.a_store - INFO - [로그인 후] 두 번째 팝업 닫기 버튼 클릭 성공
2025-06-14 00:28:20,830 - stores.a_store - INFO - [차량검색] 차량 번호 입력 성공
2025-06-14 00:29:21,921 - stores.a_store - ERROR - [차량검색] 차량 선택 버튼 클릭 실패: Timeout 30000ms exceeded.
2025-06-14 00:29:21,975 - __main__ - ERROR - [테스트 실패] 쿠폰 처리 중 오류가 발생했습니다.
2025-06-14 00:33:43,571 - __main__ - INFO - [테스트 시작] 차량번호: 1234
2025-06-14 00:33:44,628 - stores.a_store - INFO - [시작] A 매장 자동화 시작
2025-06-14 00:33:44,709 - stores.a_store - INFO - [팝업처리] 인트로 팝업 닫기 성공
2025-06-14 00:33:44,773 - stores.a_store - INFO - [팝업처리] 공지 팝업 닫기 성공
2025-06-14 00:33:45,192 - stores.a_store - INFO - [로그인] 로그인 성공
2025-06-14 00:33:45,566 - stores.a_store - INFO - [로그인 후] 첫 번째 팝업 닫기 버튼 클릭 성공
2025-06-14 00:33:45,604 - stores.a_store - INFO - [로그인 후] 두 번째 팝업 닫기 버튼 클릭 성공
2025-06-14 00:33:45,614 - stores.a_store - INFO - [차량검색] 차량 번호 입력 성공
2025-06-14 00:33:46,688 - stores.a_store - ERROR - [차량검색] #parkName: 검색된 차량이 없습니다.
2025-06-14 00:33:47,731 - utils.telegram_notifier - INFO - [텔레그램] 실패 알림 전송 성공
2025-06-14 00:33:47,798 - __main__ - ERROR - [테스트 실패] 쿠폰 처리 중 오류가 발생했습니다.
2025-06-14 00:35:20,796 - __main__ - INFO - [테스트 시작] 차량번호: 1982
2025-06-14 00:35:22,322 - stores.a_store - INFO - [시작] A 매장 자동화 시작
2025-06-14 00:35:22,372 - stores.a_store - INFO - [팝업처리] 인트로 팝업 닫기 성공
2025-06-14 00:35:22,433 - stores.a_store - INFO - [팝업처리] 공지 팝업 닫기 성공
2025-06-14 00:35:22,818 - stores.a_store - INFO - [로그인] 로그인 성공
2025-06-14 00:35:23,784 - stores.a_store - INFO - [로그인 후] 첫 번째 팝업 닫기 버튼 클릭 성공
2025-06-14 00:35:23,817 - stores.a_store - INFO - [로그인 후] 두 번째 팝업 닫기 버튼 클릭 성공
2025-06-14 00:35:23,829 - stores.a_store - INFO - [차량검색] 차량 번호 입력 성공
2025-06-14 00:35:24,914 - stores.a_store - INFO - [차량검색] 차량 선택 버튼 클릭 성공
2025-06-14 00:35:29,934 - stores.a_store - INFO - [차량검색] 차량번호 1982 검색 및 선택 후 페이지 로딩 성공
2025-06-14 00:35:30,065 - stores.a_store - INFO - >>>>>[현재 적용 가능한 쿠폰]
2025-06-14 00:35:30,066 - stores.a_store - INFO - 30분할인권(무료): 0개
2025-06-14 00:35:30,066 - stores.a_store - INFO - 1시간할인권(유료): 0개
2025-06-14 00:35:30,067 - stores.a_store - INFO - 1시간주말할인권(유료): 5개
2025-06-14 00:35:30,098 - stores.a_store - INFO - >>>>>[우리 매장에서 적용한 쿠폰]
2025-06-14 00:35:30,099 - stores.a_store - INFO - 30분할인권(무료): 1개
2025-06-14 00:35:30,100 - stores.a_store - INFO - 1시간할인권(유료): 2개
2025-06-14 00:35:30,100 - stores.a_store - INFO - 1시간주말할인권(유료): 0개
2025-06-14 00:35:30,131 - stores.a_store - INFO - >>>>>[전체 적용된 쿠폰] (다른매장+우리매장)
2025-06-14 00:35:30,132 - stores.a_store - INFO - 30분할인권(무료): 1개
2025-06-14 00:35:30,132 - stores.a_store - INFO - 1시간할인권(유료): 2개
2025-06-14 00:35:30,133 - stores.a_store - INFO - 1시간주말할인권(유료): 0개
2025-06-14 00:35:30,133 - discount_rules.base_discount - INFO - 주말 감지: 2025-06-14
2025-06-14 00:35:30,133 - discount_rules.a_discount - INFO - [A매장] 쿠폰 적용 규칙 시작
2025-06-14 00:35:30,133 - discount_rules.a_discount - INFO - 입력값 - 평일여부: False, 내 이력: {'30분할인권(무료)': 1, '1시간할인권(유료)': 2, '1시간주말할인권(유료)': 0}, 전체 이력: {'30분할인권(무료)': 1, '1시간할인권(유료)': 2, '1시간주말할인권(유료)': 0}
2025-06-14 00:35:30,134 - discount_rules.base_discount - INFO - 쿠폰 이력 - 무료: 1, 유료: 2, 주말: 0
2025-06-14 00:35:30,134 - discount_rules.base_discount - INFO - 전체 무료 쿠폰 사용: 1
2025-06-14 00:35:30,134 - discount_rules.base_discount - INFO - >>>>>[적용할 쿠폰]<<<<<
2025-06-14 00:35:30,135 - discount_rules.base_discount - INFO - 30분할인권(무료): 0개
2025-06-14 00:35:30,135 - discount_rules.base_discount - INFO - 1시간할인권(유료): 0개
2025-06-14 00:35:30,135 - discount_rules.base_discount - INFO - 1시간주말할인권(유료): 1개
2025-06-14 00:35:30,136 - discount_rules.a_discount - INFO - [A매장] 최종 적용 쿠폰: {'30분할인권(무료)': 0, '1시간할인권(유료)': 0, '1시간주말할인권(유료)': 1}
2025-06-14 00:35:30,189 - stores.a_store - INFO - [쿠폰적용] 1시간주말할인권(유료) 적용 버튼 클릭
2025-06-14 00:35:30,248 - stores.a_store - INFO - [쿠폰적용] 첫 번째 확인 팝업 처리 성공
2025-06-14 00:35:30,802 - stores.a_store - INFO - [쿠폰적용] 두 번째 확인 팝업 처리 성공
2025-06-14 00:35:31,314 - stores.a_store - INFO - [쿠폰적용] 1시간주말할인권(유료) 1개 적용 성공
2025-06-14 00:35:31,380 - __main__ - INFO - [테스트 성공] 쿠폰 처리가 정상적으로 완료되었습니다.
2025-06-14 00:40:22,481 - __main__ - INFO - [테스트 시작] 차량번호: 1982
2025-06-14 00:40:26,983 - stores.a_store - INFO - [시작] A 매장 자동화 시작
2025-06-14 00:40:27,064 - stores.a_store - INFO - [팝업처리] 인트로 팝업 닫기 성공
2025-06-14 00:40:27,154 - stores.a_store - INFO - [팝업처리] 공지 팝업 닫기 성공
2025-06-14 00:40:27,557 - stores.a_store - INFO - [로그인] 로그인 성공
2025-06-14 00:40:27,943 - stores.a_store - INFO - [로그인 후] 첫 번째 팝업 닫기 버튼 클릭 성공
2025-06-14 00:40:27,991 - stores.a_store - INFO - [로그인 후] 두 번째 팝업 닫기 버튼 클릭 성공
2025-06-14 00:40:28,003 - stores.a_store - INFO - [차량검색] 차량 번호 입력 성공
2025-06-14 00:40:29,102 - stores.a_store - INFO - [차량검색] 차량 선택 버튼 클릭 성공
2025-06-14 00:40:34,119 - stores.a_store - INFO - [차량검색] 차량번호 1982 검색 및 선택 후 페이지 로딩 성공
2025-06-14 00:40:34,242 - stores.a_store - INFO - >>>>>[현재 적용 가능한 쿠폰]
2025-06-14 00:40:34,242 - stores.a_store - INFO - 30분할인권(무료): 1개
2025-06-14 00:40:34,243 - stores.a_store - INFO - 1시간할인권(유료): 2개
2025-06-14 00:40:34,243 - stores.a_store - INFO - 1시간주말할인권(유료): 5개
2025-06-14 00:40:34,254 - stores.a_store - INFO - >>>>>[우리 매장에서 적용한 쿠폰]
2025-06-14 00:40:34,255 - stores.a_store - INFO - 30분할인권(무료): 0개
2025-06-14 00:40:34,255 - stores.a_store - INFO - 1시간할인권(유료): 0개
2025-06-14 00:40:34,256 - stores.a_store - INFO - 1시간주말할인권(유료): 0개
2025-06-14 00:40:34,268 - stores.a_store - INFO - >>>>>[전체 적용된 쿠폰] (다른매장+우리매장)
2025-06-14 00:40:34,268 - stores.a_store - INFO - 30분할인권(무료): 0개
2025-06-14 00:40:34,269 - stores.a_store - INFO - 1시간할인권(유료): 0개
2025-06-14 00:40:34,269 - stores.a_store - INFO - 1시간주말할인권(유료): 0개
2025-06-14 00:40:34,270 - discount_rules.base_discount - INFO - 주말 감지: 2025-06-14
2025-06-14 00:40:34,271 - discount_rules.base_discount - INFO - >>>>>[적용할 쿠폰]<<<<<
2025-06-14 00:40:34,271 - discount_rules.base_discount - INFO - 30분할인권(무료): 1개
2025-06-14 00:40:34,271 - discount_rules.base_discount - INFO - 1시간할인권(유료): 0개
2025-06-14 00:40:34,272 - discount_rules.base_discount - INFO - 1시간주말할인권(유료): 1개
2025-06-14 00:40:34,272 - discount_rules.a_discount - INFO - [A매장] 최종 적용 쿠폰: {'30분할인권(무료)': 1, '1시간할인권(유료)': 0, '1시간주말할인권(유료)': 1}
2025-06-14 00:40:34,334 - stores.a_store - INFO - [쿠폰적용] 30분할인권(무료) 적용 버튼 클릭
2025-06-14 00:40:34,386 - stores.a_store - INFO - [쿠폰적용] 첫 번째 확인 팝업 처리 성공
2025-06-14 00:40:34,963 - stores.a_store - INFO - [쿠폰적용] 두 번째 확인 팝업 처리 성공
2025-06-14 00:40:35,470 - stores.a_store - INFO - [쿠폰적용] 30분할인권(무료) 1개 적용 성공
2025-06-14 00:40:35,523 - stores.a_store - INFO - [쿠폰적용] 1시간주말할인권(유료) 적용 버튼 클릭
2025-06-14 00:40:35,570 - stores.a_store - INFO - [쿠폰적용] 첫 번째 확인 팝업 처리 성공
2025-06-14 00:40:36,104 - stores.a_store - INFO - [쿠폰적용] 두 번째 확인 팝업 처리 성공
2025-06-14 00:40:36,620 - stores.a_store - INFO - [쿠폰적용] 1시간주말할인권(유료) 1개 적용 성공
2025-06-14 00:40:36,737 - __main__ - INFO - [테스트 성공] 쿠폰 처리가 정상적으로 완료되었습니다.
2025-06-14 00:41:58,573 - __main__ - INFO - [테스트 시작] 차량번호: 1982
2025-06-14 00:41:59,638 - stores.a_store - INFO - [시작] A 매장 자동화 시작
2025-06-14 00:41:59,724 - stores.a_store - INFO - [팝업처리] 인트로 팝업 닫기 성공
2025-06-14 00:41:59,817 - stores.a_store - INFO - [팝업처리] 공지 팝업 닫기 성공
2025-06-14 00:42:00,221 - stores.a_store - INFO - [로그인] 로그인 성공
2025-06-14 00:42:00,583 - stores.a_store - INFO - [로그인 후] 첫 번째 팝업 닫기 버튼 클릭 성공
2025-06-14 00:42:00,634 - stores.a_store - INFO - [로그인 후] 두 번째 팝업 닫기 버튼 클릭 성공
2025-06-14 00:42:00,645 - stores.a_store - INFO - [차량검색] 차량 번호 입력 성공
2025-06-14 00:42:01,784 - stores.a_store - INFO - [차량검색] 차량 선택 버튼 클릭 성공
2025-06-14 00:42:06,788 - stores.a_store - INFO - [차량검색] 차량번호 1982 검색 및 선택 후 페이지 로딩 성공
2025-06-14 00:42:06,867 - stores.a_store - INFO - >>>>>[현재 적용 가능한 쿠폰]
2025-06-14 00:42:06,867 - stores.a_store - INFO - 30분할인권(무료): 1개
2025-06-14 00:42:06,868 - stores.a_store - INFO - 1시간할인권(유료): 2개
2025-06-14 00:42:06,868 - stores.a_store - INFO - 1시간주말할인권(유료): 4개
2025-06-14 00:42:06,885 - stores.a_store - INFO - >>>>>[우리 매장에서 적용한 쿠폰]
2025-06-14 00:42:06,886 - stores.a_store - INFO - 30분할인권(무료): 0개
2025-06-14 00:42:06,887 - stores.a_store - INFO - 1시간할인권(유료): 0개
2025-06-14 00:42:06,887 - stores.a_store - INFO - 1시간주말할인권(유료): 1개
2025-06-14 00:42:06,906 - stores.a_store - INFO - >>>>>[전체 적용된 쿠폰] (다른매장+우리매장)
2025-06-14 00:42:06,906 - stores.a_store - INFO - 30분할인권(무료): 0개
2025-06-14 00:42:06,907 - stores.a_store - INFO - 1시간할인권(유료): 0개
2025-06-14 00:42:06,907 - stores.a_store - INFO - 1시간주말할인권(유료): 1개
2025-06-14 00:42:06,908 - discount_rules.base_discount - INFO - >>>>>[적용할 쿠폰]<<<<<
2025-06-14 00:42:06,908 - discount_rules.base_discount - INFO - 30분할인권(무료): 1개
2025-06-14 00:42:06,908 - discount_rules.base_discount - INFO - 1시간할인권(유료): 0개
2025-06-14 00:42:06,909 - discount_rules.base_discount - INFO - 1시간주말할인권(유료): 0개
2025-06-14 00:42:06,960 - stores.a_store - INFO - [쿠폰적용] 30분할인권(무료) 적용 버튼 클릭
2025-06-14 00:42:07,000 - stores.a_store - INFO - [쿠폰적용] 첫 번째 확인 팝업 처리 성공
2025-06-14 00:42:07,593 - stores.a_store - INFO - [쿠폰적용] 두 번째 확인 팝업 처리 성공
2025-06-14 00:42:08,107 - stores.a_store - INFO - [쿠폰적용] 30분할인권(무료) 1개 적용 성공
2025-06-14 00:42:08,165 - __main__ - INFO - [테스트 성공] 쿠폰 처리가 정상적으로 완료되었습니다.
2025-06-14 00:42:36,163 - __main__ - INFO - [테스트 시작] 차량번호: 1982
2025-06-14 00:42:37,233 - stores.a_store - INFO - [시작] A 매장 자동화 시작
2025-06-14 00:42:37,305 - stores.a_store - INFO - [팝업처리] 인트로 팝업 닫기 성공
2025-06-14 00:42:37,365 - stores.a_store - INFO - [팝업처리] 공지 팝업 닫기 성공
2025-06-14 00:42:37,750 - stores.a_store - INFO - [로그인] 로그인 성공
2025-06-14 00:42:38,139 - stores.a_store - INFO - [로그인 후] 첫 번째 팝업 닫기 버튼 클릭 성공
2025-06-14 00:42:38,181 - stores.a_store - INFO - [로그인 후] 두 번째 팝업 닫기 버튼 클릭 성공
2025-06-14 00:42:38,191 - stores.a_store - INFO - [차량검색] 차량 번호 입력 성공
2025-06-14 00:42:39,295 - stores.a_store - INFO - [차량검색] 차량 선택 버튼 클릭 성공
2025-06-14 00:42:44,311 - stores.a_store - INFO - [차량검색] 차량번호 1982 검색 및 선택 후 페이지 로딩 성공
2025-06-14 00:42:44,375 - stores.a_store - INFO - >>>>>[현재 적용 가능한 쿠폰]
2025-06-14 00:42:44,376 - stores.a_store - INFO - 30분할인권(무료): 0개
2025-06-14 00:42:44,376 - stores.a_store - INFO - 1시간할인권(유료): 2개
2025-06-14 00:42:44,376 - stores.a_store - INFO - 1시간주말할인권(유료): 5개
2025-06-14 00:42:44,392 - stores.a_store - INFO - >>>>>[우리 매장에서 적용한 쿠폰]
2025-06-14 00:42:44,393 - stores.a_store - INFO - 30분할인권(무료): 1개
2025-06-14 00:42:44,393 - stores.a_store - INFO - 1시간할인권(유료): 0개
2025-06-14 00:42:44,394 - stores.a_store - INFO - 1시간주말할인권(유료): 0개
2025-06-14 00:42:44,412 - stores.a_store - INFO - >>>>>[전체 적용된 쿠폰] (다른매장+우리매장)
2025-06-14 00:42:44,412 - stores.a_store - INFO - 30분할인권(무료): 1개
2025-06-14 00:42:44,413 - stores.a_store - INFO - 1시간할인권(유료): 0개
2025-06-14 00:42:44,413 - stores.a_store - INFO - 1시간주말할인권(유료): 0개
2025-06-14 00:42:44,414 - discount_rules.base_discount - INFO - >>>>>[적용할 쿠폰]<<<<<
2025-06-14 00:42:44,414 - discount_rules.base_discount - INFO - 30분할인권(무료): 0개
2025-06-14 00:42:44,414 - discount_rules.base_discount - INFO - 1시간할인권(유료): 0개
2025-06-14 00:42:44,415 - discount_rules.base_discount - INFO - 1시간주말할인권(유료): 1개
2025-06-14 00:42:44,471 - stores.a_store - INFO - [쿠폰적용] 1시간주말할인권(유료) 적용 버튼 클릭
2025-06-14 00:42:44,515 - stores.a_store - INFO - [쿠폰적용] 첫 번째 확인 팝업 처리 성공
2025-06-14 00:42:45,067 - stores.a_store - INFO - [쿠폰적용] 두 번째 확인 팝업 처리 성공
2025-06-14 00:42:45,575 - stores.a_store - INFO - [쿠폰적용] 1시간주말할인권(유료) 1개 적용 성공
2025-06-14 00:42:45,668 - __main__ - INFO - [테스트 성공] 쿠폰 처리가 정상적으로 완료되었습니다.
2025-06-14 21:56:35,359 - __main__ - INFO - === B 매장 테스트 시작 ===
2025-06-14 21:56:35,360 - __main__ - INFO - 1. 로그인 테스트 시작
2025-06-14 21:56:37,400 - stores.b_store - INFO - [시작] B 매장 자동화 시작
2025-06-14 21:56:40,597 - stores.b_store - ERROR - [로그인] 로그인 실패: 예상 모달 텍스트 아님
2025-06-14 21:56:40,598 - __main__ - INFO - 로그인 결과: 실패
2025-06-14 21:56:40,598 - __main__ - ERROR - 로그인 실패로 테스트 중단
2025-06-14 22:02:39,567 - __main__ - INFO - === B 매장 테스트 시작 ===
2025-06-14 22:02:39,567 - __main__ - INFO - 1. 로그인 테스트 시작
2025-06-14 22:02:41,850 - stores.b_store - INFO - [시작] B 매장 자동화 시작
2025-06-14 22:02:44,983 - stores.b_store - INFO - [로그인] 로그인 정보 입력 후 로그인 버튼 클릭
2025-06-14 22:02:46,171 - stores.b_store - INFO - [로그인] 안내 메시지 팝업 확인 (로그인 성공)
2025-06-14 22:02:47,209 - stores.b_store - INFO - [로그인 후] OK 버튼 클릭 성공
2025-06-14 22:02:47,210 - __main__ - INFO - 로그인 결과: 성공
2025-06-14 22:02:50,222 - __main__ - INFO - 2. 차량 검색 테스트 시작 - 차량번호: 1355
2025-06-14 22:02:51,253 - stores.b_store - INFO - [차량검색] 차량 번호 입력 성공
2025-06-14 22:03:22,272 - stores.b_store - ERROR - [차량검색] 차량 검색 실패: Timeout 30000ms exceeded.
2025-06-14 22:03:23,371 - utils.telegram_notifier - INFO - [텔레그램] 실패 알림 전송 성공
2025-06-14 22:03:23,372 - __main__ - INFO - 차량 검색 결과: 실패
2025-06-14 22:03:23,373 - __main__ - ERROR - 차량 검색 실패로 테스트 중단
2025-06-14 22:07:12,002 - __main__ - INFO - === B 매장 테스트 시작 ===
2025-06-14 22:07:12,003 - __main__ - INFO - 1. 로그인 테스트 시작
2025-06-14 22:07:14,249 - stores.b_store - INFO - [시작] B 매장 자동화 시작
2025-06-14 22:07:17,423 - stores.b_store - INFO - [로그인] 로그인 정보 입력 후 로그인 버튼 클릭
2025-06-14 22:07:18,644 - stores.b_store - INFO - [로그인] 안내 메시지 팝업 확인 (로그인 성공)
2025-06-14 22:07:19,678 - stores.b_store - INFO - [로그인 후] OK 버튼 클릭 성공
2025-06-14 22:07:19,681 - __main__ - INFO - 로그인 결과: 성공
2025-06-14 22:07:22,685 - __main__ - INFO - 2. 차량 검색 테스트 시작 - 차량번호: 1355
2025-06-14 22:07:23,720 - stores.b_store - INFO - [차량검색] 차량 번호 입력 성공
2025-06-14 22:07:24,799 - stores.b_store - INFO - [차량검색] 검색 버튼 클릭 성공
2025-06-14 22:07:29,882 - stores.b_store - INFO - [차량검색] 차량번호 1355 확인 성공
2025-06-14 22:07:29,882 - stores.b_store - INFO - [차량검색] 차량번호 1355 검색 및 선택 성공
2025-06-14 22:07:29,882 - __main__ - INFO - 차량 검색 결과: 성공
2025-06-14 22:07:32,889 - __main__ - INFO - 3. 쿠폰 이력 조회 테스트 시작
2025-06-14 22:07:32,927 - stores.b_store - INFO - [쿠폰조회] 가격: 107원, 계산된 쿠폰 수량: 0개
2025-06-14 22:07:33,955 - stores.b_store - INFO - [쿠폰조회] 할인내역 테이블 접근
2025-06-14 22:07:33,960 - stores.b_store - INFO - [쿠폰조회] 무료 1시간할인: 2개 적용됨
2025-06-14 22:07:33,967 - stores.b_store - INFO - [쿠폰조회] 유료 30분할인: 2개 적용됨
2025-06-14 22:07:33,967 - stores.b_store - INFO - >>>>>[현재 적용 가능한 쿠폰]
2025-06-14 22:07:33,968 - stores.b_store - INFO - 무료 1시간할인: 999개
2025-06-14 22:07:33,968 - stores.b_store - INFO - 유료 30분할인 (판매 : 300 ): 0개
2025-06-14 22:07:33,968 - stores.b_store - INFO - >>>>>[우리 매장에서 적용한 쿠폰]
2025-06-14 22:07:33,969 - stores.b_store - INFO - 무료 1시간할인: 2개
2025-06-14 22:07:33,969 - stores.b_store - INFO - 유료 30분할인 (판매 : 300 ): 0개
2025-06-14 22:07:33,969 - stores.b_store - INFO - 유료 30분할인: 2개
2025-06-14 22:07:33,970 - __main__ - INFO - === 쿠폰 이력 조회 결과 ===
2025-06-14 22:07:33,971 - __main__ - INFO - 현재 보유 쿠폰:
2025-06-14 22:07:33,971 - __main__ - INFO -   무료 1시간할인: 999개
2025-06-14 22:07:33,972 - __main__ - INFO -   유료 30분할인 (판매 : 300 ): 0개
2025-06-14 22:07:33,972 - __main__ - INFO - 이미 적용된 쿠폰:
2025-06-14 22:07:33,972 - __main__ - INFO -   무료 1시간할인: 2개
2025-06-14 22:07:33,973 - __main__ - INFO -   유료 30분할인 (판매 : 300 ): 0개
2025-06-14 22:07:33,973 - __main__ - INFO -   유료 30분할인: 2개
2025-06-14 22:07:36,975 - __main__ - INFO - 4. 쿠폰 적용 규칙 테스트 시작
2025-06-14 22:07:36,977 - __main__ - INFO - 현재 시간: 2025-06-14 22:07:36
2025-06-14 22:07:36,978 - __main__ - INFO - 평일 여부: 주말
2025-06-14 22:07:36,980 - discount_rules.b_discount - INFO - [B매장] 쿠폰 적용 규칙 시작 - 평일: False
2025-06-14 22:07:36,981 - discount_rules.b_discount - INFO - [B매장] 현재 적용된 총 쿠폰 수: 4개
2025-06-14 22:07:36,983 - discount_rules.b_discount - INFO - [B매장] 추가 적용 가능한 쿠폰 수: 0개
2025-06-14 22:07:36,984 - discount_rules.b_discount - INFO - [B매장] 더 이상 적용할 수 있는 쿠폰이 없습니다
2025-06-14 22:07:36,985 - __main__ - INFO - === 적용할 쿠폰 결정 결과 ===
2025-06-14 22:07:36,987 - __main__ - INFO -   적용할 쿠폰이 없습니다
2025-06-14 22:07:36,988 - __main__ - INFO - === 테스트 완료 ===
2025-06-14 22:20:28,728 - __main__ - INFO - === B 매장 테스트 시작 ===
2025-06-14 22:20:28,729 - __main__ - INFO - 1. 로그인 테스트 시작
2025-06-14 22:20:30,924 - stores.b_store - INFO - [시작] B 매장 자동화 시작
2025-06-14 22:20:34,115 - stores.b_store - INFO - [로그인] 로그인 정보 입력 후 로그인 버튼 클릭
2025-06-14 22:20:35,169 - stores.b_store - INFO - [로그인] 안내 메시지 팝업 확인 (로그인 성공)
2025-06-14 22:20:36,199 - stores.b_store - INFO - [로그인 후] OK 버튼 클릭 성공
2025-06-14 22:20:36,201 - __main__ - INFO - 로그인 결과: 성공
2025-06-14 22:20:39,211 - __main__ - INFO - 2. 차량 검색 테스트 시작 - 차량번호: 1355
2025-06-14 22:20:40,245 - stores.b_store - INFO - [차량검색] 차량 번호 입력 성공
2025-06-14 22:20:41,316 - stores.b_store - INFO - [차량검색] 검색 버튼 클릭 성공
2025-06-14 22:20:46,421 - stores.b_store - INFO - [차량검색] 차량번호 1355 확인 성공
2025-06-14 22:20:46,421 - stores.b_store - INFO - [차량검색] 차량번호 1355 검색 및 선택 성공
2025-06-14 22:20:46,421 - __main__ - INFO - 차량 검색 결과: 성공
2025-06-14 22:20:49,423 - __main__ - INFO - 3. 쿠폰 이력 조회 테스트 시작
2025-06-14 22:20:49,461 - stores.b_store - INFO - [쿠폰조회] 발견된 가격: 300원, 계산된 쿠폰 수량: 1개
2025-06-14 22:20:50,489 - stores.b_store - INFO - [쿠폰조회] 할인내역 테이블 접근
2025-06-14 22:20:50,494 - stores.b_store - INFO - [쿠폰조회] 무료 1시간할인: 2개 적용됨
2025-06-14 22:20:50,499 - stores.b_store - INFO - [쿠폰조회] 유료 30분할인: 3개 적용됨
2025-06-14 22:20:50,504 - stores.b_store - INFO - [쿠폰조회] 유료 1시간할인: 1개 적용됨
2025-06-14 22:20:50,505 - stores.b_store - INFO - >>>>>[현재 적용 가능한 쿠폰]
2025-06-14 22:20:50,505 - stores.b_store - INFO - 무료 1시간할인: 999개
2025-06-14 22:20:50,506 - stores.b_store - INFO - 유료 30분할인 (판매 : 300 ): 0개
2025-06-14 22:20:50,506 - stores.b_store - INFO - >>>>>[우리 매장에서 적용한 쿠폰]
2025-06-14 22:20:50,506 - stores.b_store - INFO - 무료 1시간할인: 2개
2025-06-14 22:20:50,507 - stores.b_store - INFO - 유료 30분할인 (판매 : 300 ): 0개
2025-06-14 22:20:50,507 - stores.b_store - INFO - >>>>>[전체 적용된 쿠폰 (모든 매장)]
2025-06-14 22:20:50,508 - stores.b_store - INFO - 무료 1시간할인: 2개
2025-06-14 22:20:50,508 - stores.b_store - INFO - 유료 30분할인: 3개
2025-06-14 22:20:50,508 - stores.b_store - INFO - 유료 1시간할인: 1개
2025-06-14 22:20:50,509 - __main__ - INFO - === 쿠폰 이력 조회 결과 ===
2025-06-14 22:20:50,509 - __main__ - INFO - 현재 보유 쿠폰:
2025-06-14 22:20:50,510 - __main__ - INFO -   무료 1시간할인: 999개
2025-06-14 22:20:50,510 - __main__ - INFO -   유료 30분할인 (판매 : 300 ): 0개
2025-06-14 22:20:50,510 - __main__ - INFO - 이미 적용된 쿠폰:
2025-06-14 22:20:50,511 - __main__ - INFO -   무료 1시간할인: 2개
2025-06-14 22:20:50,511 - __main__ - INFO -   유료 30분할인 (판매 : 300 ): 0개
2025-06-14 22:20:53,521 - __main__ - INFO - 4. 쿠폰 적용 규칙 테스트 시작
2025-06-14 22:20:53,521 - __main__ - INFO - 현재 시간: 2025-06-14 22:20:53
2025-06-14 22:20:53,522 - __main__ - INFO - 평일 여부: 주말
2025-06-14 22:20:53,522 - discount_rules.b_discount - INFO - [B매장] 쿠폰 적용 규칙 시작 - 평일: False
2025-06-14 22:20:53,522 - discount_rules.b_discount - INFO - [B매장] 현재 적용된 총 쿠폰 수: 2개
2025-06-14 22:20:53,523 - discount_rules.b_discount - INFO - [B매장] 추가 적용 가능한 쿠폰 수: 2개
2025-06-14 22:20:53,523 - discount_rules.b_discount - INFO - [B매장] 무료 1시간할인 보유 수량: 999개
2025-06-14 22:20:53,523 - discount_rules.b_discount - INFO - [B매장] 무료 1시간할인: 2개 적용 예정 (보유: 999개, 이미 적용: 2개)
2025-06-14 22:20:53,523 - discount_rules.b_discount - INFO - [B매장] 최종 적용할 쿠폰 총 개수: 2개
2025-06-14 22:20:53,524 - discount_rules.b_discount - INFO - [B매장] 무료 1시간할인: 2개 적용 예정
2025-06-14 22:20:53,524 - __main__ - INFO - === 적용할 쿠폰 결정 결과 ===
2025-06-14 22:20:53,524 - __main__ - INFO -   무료 1시간할인: 2개 적용 예정
2025-06-14 22:21:01,272 - __main__ - INFO - 5. 쿠폰 적용 테스트 건너뜀
2025-06-14 22:21:01,272 - __main__ - INFO - === 테스트 완료 ===
2025-06-14 22:31:53,719 - __main__ - INFO - === B 매장 테스트 시작 ===
2025-06-14 22:31:53,720 - __main__ - INFO - 1. 로그인 테스트 시작
2025-06-14 22:31:55,974 - stores.b_store - INFO - [시작] B 매장 자동화 시작
2025-06-14 22:31:59,080 - stores.b_store - INFO - [로그인] 로그인 정보 입력 후 로그인 버튼 클릭
2025-06-14 22:32:00,248 - stores.b_store - INFO - [로그인] 안내 메시지 팝업 확인 (로그인 성공)
2025-06-14 22:32:01,283 - stores.b_store - INFO - [로그인 후] OK 버튼 클릭 성공
2025-06-14 22:32:01,284 - __main__ - INFO - 로그인 결과: 성공
2025-06-14 22:32:04,296 - __main__ - INFO - 2. 차량 검색 테스트 시작 - 차량번호: 1355
2025-06-14 22:32:05,327 - stores.b_store - INFO - [차량검색] 차량 번호 입력 성공
2025-06-14 22:32:06,358 - stores.b_store - INFO - [차량검색] 검색 버튼 클릭 성공
2025-06-14 22:32:11,436 - stores.b_store - INFO - [차량검색] 차량번호 1355 확인 성공
2025-06-14 22:32:11,437 - stores.b_store - INFO - [차량검색] 차량번호 1355 검색 및 선택 성공
2025-06-14 22:32:11,437 - __main__ - INFO - 차량 검색 결과: 성공
2025-06-14 22:32:14,447 - __main__ - INFO - 3. 쿠폰 이력 조회 테스트 시작
2025-06-14 22:32:15,482 - stores.b_store - INFO - [쿠폰조회] 할인내역 테이블 접근
2025-06-14 22:32:15,488 - stores.b_store - INFO - [쿠폰조회] 무료 1시간할인: 0개 적용됨
2025-06-14 22:32:15,494 - stores.b_store - INFO - [쿠폰조회] 무료 1시간할인 (대안방법): 0개 적용됨
2025-06-14 22:32:15,500 - stores.b_store - INFO - [쿠폰조회] 유료 30분할인: 0개 적용됨
2025-06-14 22:32:15,505 - stores.b_store - INFO - [쿠폰조회] 유료 30분할인 (대안방법): 0개 적용됨
2025-06-14 22:32:15,510 - stores.b_store - INFO - [쿠폰조회] 유료 1시간할인: 0개 적용됨
2025-06-14 22:32:15,515 - stores.b_store - INFO - [쿠폰조회] 유료 1시간할인 (대안방법): 0개 적용됨
2025-06-14 22:32:15,516 - stores.b_store - INFO - >>>>>[현재 적용 가능한 쿠폰]
2025-06-14 22:32:15,516 - stores.b_store - INFO - 무료 1시간할인: 999개
2025-06-14 22:32:15,516 - stores.b_store - INFO - 유료 30분할인 (판매 : 300 ): 0개
2025-06-14 22:32:15,517 - stores.b_store - INFO - >>>>>[우리 매장에서 적용한 쿠폰]
2025-06-14 22:32:15,517 - stores.b_store - INFO - 무료 1시간할인: 0개
2025-06-14 22:32:15,518 - stores.b_store - INFO - 유료 30분할인 (판매 : 300 ): 0개
2025-06-14 22:32:15,518 - stores.b_store - INFO - >>>>>[전체 적용된 쿠폰 (모든 매장)]
2025-06-14 22:32:15,518 - __main__ - INFO - === 쿠폰 이력 조회 결과 ===
2025-06-14 22:32:15,519 - __main__ - INFO - 현재 보유 쿠폰:
2025-06-14 22:32:15,519 - __main__ - INFO -   무료 1시간할인: 999개
2025-06-14 22:32:15,519 - __main__ - INFO -   유료 30분할인 (판매 : 300 ): 0개
2025-06-14 22:32:15,519 - __main__ - INFO - 이미 적용된 쿠폰:
2025-06-14 22:32:15,520 - __main__ - INFO -   무료 1시간할인: 0개
2025-06-14 22:32:15,520 - __main__ - INFO -   유료 30분할인 (판매 : 300 ): 0개
2025-06-14 22:32:18,534 - __main__ - INFO - 4. 쿠폰 적용 규칙 테스트 시작
2025-06-14 22:32:18,537 - __main__ - INFO - 현재 시간: 2025-06-14 22:32:18
2025-06-14 22:32:18,538 - __main__ - INFO - 평일 여부: 주말
2025-06-14 22:32:18,540 - discount_rules.b_discount - INFO - [B매장] 쿠폰 적용 규칙 시작 - 평일: False
2025-06-14 22:32:18,542 - discount_rules.b_discount - INFO - [B매장] 현재 적용된 총 쿠폰 수: 0개
2025-06-14 22:32:18,543 - discount_rules.b_discount - INFO - [B매장] 추가 적용 가능한 쿠폰 수: 4개
2025-06-14 22:32:18,545 - discount_rules.b_discount - INFO - [B매장] 무료 1시간할인 보유 수량: 999개
2025-06-14 22:32:18,547 - discount_rules.b_discount - INFO - [B매장] 무료 1시간할인: 4개 적용 예정 (보유: 999개, 이미 적용: 0개)
2025-06-14 22:32:18,548 - discount_rules.b_discount - INFO - [B매장] 최종 적용할 쿠폰 총 개수: 4개
2025-06-14 22:32:18,550 - discount_rules.b_discount - INFO - [B매장] 무료 1시간할인: 4개 적용 예정
2025-06-14 22:32:18,552 - __main__ - INFO - === 적용할 쿠폰 결정 결과 ===
2025-06-14 22:32:18,554 - __main__ - INFO -   무료 1시간할인: 4개 적용 예정
2025-06-14 22:32:27,173 - __main__ - INFO - 5. 쿠폰 적용 테스트 건너뜀
2025-06-14 22:32:27,174 - __main__ - INFO - === 테스트 완료 ===
2025-06-14 22:36:14,017 - __main__ - INFO - [테스트 시작] 차량번호: 5119
2025-06-14 22:36:15,158 - stores.a_store - INFO - [시작] A 매장 자동화 시작
2025-06-14 22:36:15,241 - stores.a_store - INFO - [팝업처리] 인트로 팝업 닫기 성공
2025-06-14 22:36:15,297 - stores.a_store - INFO - [팝업처리] 공지 팝업 닫기 성공
2025-06-14 22:36:15,752 - stores.a_store - INFO - [로그인] 로그인 성공
2025-06-14 22:36:16,121 - stores.a_store - INFO - [로그인 후] 첫 번째 팝업 닫기 버튼 클릭 성공
2025-06-14 22:36:16,165 - stores.a_store - INFO - [로그인 후] 두 번째 팝업 닫기 버튼 클릭 성공
2025-06-14 22:36:16,178 - stores.a_store - INFO - [차량검색] 차량 번호 입력 성공
2025-06-14 22:36:17,334 - stores.a_store - INFO - [차량검색] 차량 선택 버튼 클릭 성공
2025-06-14 22:36:22,354 - stores.a_store - INFO - [차량검색] 차량번호 5119 검색 및 선택 후 페이지 로딩 성공
2025-06-14 22:36:22,421 - stores.a_store - INFO - >>>>>[현재 적용 가능한 쿠폰]
2025-06-14 22:36:22,421 - stores.a_store - INFO - 30분할인권(무료): 1개
2025-06-14 22:36:22,422 - stores.a_store - INFO - 1시간할인권(유료): 2개
2025-06-14 22:36:22,422 - stores.a_store - INFO - 1시간주말할인권(유료): 5개
2025-06-14 22:36:22,430 - stores.a_store - INFO - >>>>>[우리 매장에서 적용한 쿠폰]
2025-06-14 22:36:22,431 - stores.a_store - INFO - 30분할인권(무료): 0개
2025-06-14 22:36:22,431 - stores.a_store - INFO - 1시간할인권(유료): 0개
2025-06-14 22:36:22,432 - stores.a_store - INFO - 1시간주말할인권(유료): 0개
2025-06-14 22:36:22,441 - stores.a_store - INFO - >>>>>[전체 적용된 쿠폰] (다른매장+우리매장)
2025-06-14 22:36:22,441 - stores.a_store - INFO - 30분할인권(무료): 0개
2025-06-14 22:36:22,442 - stores.a_store - INFO - 1시간할인권(유료): 0개
2025-06-14 22:36:22,442 - stores.a_store - INFO - 1시간주말할인권(유료): 0개
2025-06-14 22:36:22,443 - discount_rules.base_discount - ERROR - [기본규칙] 쿠폰 적용 규칙 처리 중 에러 발생: 필수 쿠폰 타입이 없음: PAID_30MIN
2025-06-14 22:36:22,443 - stores.base_store - INFO - [쿠폰적용] 적용할 쿠폰이 없습니다
2025-06-14 22:36:22,500 - __main__ - INFO - [테스트 성공] 쿠폰 처리가 정상적으로 완료되었습니다.
2025-06-14 22:50:57,966 - __main__ - INFO - [테스트 시작] 차량번호: 5119
2025-06-14 22:50:59,140 - stores.a_store - INFO - [시작] A 매장 자동화 시작
2025-06-14 22:50:59,201 - stores.a_store - INFO - [팝업처리] 인트로 팝업 닫기 성공
2025-06-14 22:50:59,261 - stores.a_store - INFO - [팝업처리] 공지 팝업 닫기 성공
2025-06-14 22:50:59,682 - stores.a_store - INFO - [로그인] 로그인 성공
2025-06-14 22:51:00,155 - stores.a_store - INFO - [로그인 후] 첫 번째 팝업 닫기 버튼 클릭 성공
2025-06-14 22:51:00,211 - stores.a_store - INFO - [로그인 후] 두 번째 팝업 닫기 버튼 클릭 성공
2025-06-14 22:51:00,223 - stores.a_store - INFO - [차량검색] 차량 번호 입력 성공
2025-06-14 22:51:01,327 - stores.a_store - INFO - [차량검색] 차량 선택 버튼 클릭 성공
2025-06-14 22:51:06,335 - stores.a_store - INFO - [차량검색] 차량번호 5119 검색 및 선택 후 페이지 로딩 성공
2025-06-14 22:51:06,427 - stores.a_store - INFO - >>>>>[현재 적용 가능한 쿠폰]
2025-06-14 22:51:06,428 - stores.a_store - INFO - 30분할인권(무료): 1개
2025-06-14 22:51:06,428 - stores.a_store - INFO - 1시간할인권(유료): 2개
2025-06-14 22:51:06,428 - stores.a_store - INFO - 1시간주말할인권(유료): 5개
2025-06-14 22:51:06,437 - stores.a_store - INFO - >>>>>[우리 매장에서 적용한 쿠폰]
2025-06-14 22:51:06,438 - stores.a_store - INFO - 30분할인권(무료): 0개
2025-06-14 22:51:06,438 - stores.a_store - INFO - 1시간할인권(유료): 0개
2025-06-14 22:51:06,439 - stores.a_store - INFO - 1시간주말할인권(유료): 0개
2025-06-14 22:51:06,449 - stores.a_store - INFO - >>>>>[전체 적용된 쿠폰] (다른매장+우리매장)
2025-06-14 22:51:06,449 - stores.a_store - INFO - 30분할인권(무료): 0개
2025-06-14 22:51:06,450 - stores.a_store - INFO - 1시간할인권(유료): 0개
2025-06-14 22:51:06,450 - stores.a_store - INFO - 1시간주말할인권(유료): 0개
2025-06-14 22:51:06,451 - discount_rules.base_discount - INFO - >>>>>[적용할 쿠폰]<<<<<
2025-06-14 22:51:06,451 - discount_rules.base_discount - INFO - 30분할인권(무료): 1개
2025-06-14 22:51:06,451 - discount_rules.base_discount - INFO - 1시간주말할인권(유료): 1개
2025-06-14 22:51:06,503 - stores.a_store - INFO - [쿠폰적용] 30분할인권(무료) 적용 버튼 클릭
2025-06-14 22:51:06,548 - stores.a_store - INFO - [쿠폰적용] 첫 번째 확인 팝업 처리 성공
2025-06-14 22:51:07,099 - stores.a_store - INFO - [쿠폰적용] 두 번째 확인 팝업 처리 성공
2025-06-14 22:51:07,618 - stores.a_store - INFO - [쿠폰적용] 30분할인권(무료) 1개 적용 성공
2025-06-14 22:51:07,666 - stores.a_store - INFO - [쿠폰적용] 1시간주말할인권(유료) 적용 버튼 클릭
2025-06-14 22:51:07,711 - stores.a_store - INFO - [쿠폰적용] 첫 번째 확인 팝업 처리 성공
2025-06-14 22:51:08,263 - stores.a_store - INFO - [쿠폰적용] 두 번째 확인 팝업 처리 성공
2025-06-14 22:51:08,780 - stores.a_store - INFO - [쿠폰적용] 1시간주말할인권(유료) 1개 적용 성공
2025-06-14 22:51:08,841 - __main__ - INFO - [테스트 성공] 쿠폰 처리가 정상적으로 완료되었습니다.
2025-06-14 22:51:29,597 - __main__ - INFO - [테스트 시작] 차량번호: 5119
2025-06-14 22:51:30,656 - stores.a_store - INFO - [시작] A 매장 자동화 시작
2025-06-14 22:51:30,737 - stores.a_store - INFO - [팝업처리] 인트로 팝업 닫기 성공
2025-06-14 22:51:30,792 - stores.a_store - INFO - [팝업처리] 공지 팝업 닫기 성공
2025-06-14 22:51:31,220 - stores.a_store - INFO - [로그인] 로그인 성공
2025-06-14 22:51:31,596 - stores.a_store - INFO - [로그인 후] 첫 번째 팝업 닫기 버튼 클릭 성공
2025-06-14 22:51:31,645 - stores.a_store - INFO - [로그인 후] 두 번째 팝업 닫기 버튼 클릭 성공
2025-06-14 22:51:31,657 - stores.a_store - INFO - [차량검색] 차량 번호 입력 성공
2025-06-14 22:51:32,807 - stores.a_store - INFO - [차량검색] 차량 선택 버튼 클릭 성공
2025-06-14 22:51:37,816 - stores.a_store - INFO - [차량검색] 차량번호 5119 검색 및 선택 후 페이지 로딩 성공
2025-06-14 22:51:37,987 - stores.a_store - INFO - >>>>>[현재 적용 가능한 쿠폰]
2025-06-14 22:51:37,988 - stores.a_store - INFO - 30분할인권(무료): 0개
2025-06-14 22:51:37,989 - stores.a_store - INFO - 1시간할인권(유료): 2개
2025-06-14 22:51:37,990 - stores.a_store - INFO - 1시간주말할인권(유료): 4개
2025-06-14 22:51:38,024 - stores.a_store - INFO - >>>>>[우리 매장에서 적용한 쿠폰]
2025-06-14 22:51:38,025 - stores.a_store - INFO - 30분할인권(무료): 1개
2025-06-14 22:51:38,025 - stores.a_store - INFO - 1시간할인권(유료): 0개
2025-06-14 22:51:38,026 - stores.a_store - INFO - 1시간주말할인권(유료): 1개
2025-06-14 22:51:38,056 - stores.a_store - INFO - >>>>>[전체 적용된 쿠폰] (다른매장+우리매장)
2025-06-14 22:51:38,056 - stores.a_store - INFO - 30분할인권(무료): 1개
2025-06-14 22:51:38,057 - stores.a_store - INFO - 1시간할인권(유료): 0개
2025-06-14 22:51:38,057 - stores.a_store - INFO - 1시간주말할인권(유료): 1개
2025-06-14 22:51:38,058 - discount_rules.base_discount - INFO - >>>>>[적용할 쿠폰]<<<<<
2025-06-14 22:51:38,058 - stores.base_store - INFO - [쿠폰적용] 적용할 쿠폰이 없습니다
2025-06-14 22:51:38,113 - __main__ - INFO - [테스트 성공] 쿠폰 처리가 정상적으로 완료되었습니다.
2025-06-14 22:52:09,838 - __main__ - INFO - [테스트 시작] 차량번호: 1234
2025-06-14 22:52:10,897 - stores.a_store - INFO - [시작] A 매장 자동화 시작
2025-06-14 22:52:10,982 - stores.a_store - INFO - [팝업처리] 인트로 팝업 닫기 성공
2025-06-14 22:52:11,040 - stores.a_store - INFO - [팝업처리] 공지 팝업 닫기 성공
2025-06-14 22:52:11,490 - stores.a_store - INFO - [로그인] 로그인 성공
2025-06-14 22:52:11,872 - stores.a_store - INFO - [로그인 후] 첫 번째 팝업 닫기 버튼 클릭 성공
2025-06-14 22:52:11,909 - stores.a_store - INFO - [로그인 후] 두 번째 팝업 닫기 버튼 클릭 성공
2025-06-14 22:52:11,920 - stores.a_store - INFO - [차량검색] 차량 번호 입력 성공
2025-06-14 22:52:13,043 - stores.a_store - ERROR - [차량검색] #parkName: 검색된 차량이 없습니다.
2025-06-14 22:52:14,031 - utils.telegram_notifier - INFO - [텔레그램] 실패 알림 전송 성공
2025-06-14 22:52:14,087 - __main__ - ERROR - [테스트 실패] 쿠폰 처리 중 오류가 발생했습니다.
2025-06-14 22:56:08,245 - __main__ - INFO - [테스트 시작] 차량번호: 1234
2025-06-14 22:56:09,318 - stores.a_store - INFO - [시작] A 매장 자동화 시작
2025-06-14 22:56:09,388 - stores.a_store - INFO - [팝업처리] 인트로 팝업 닫기 성공
2025-06-14 22:56:09,448 - stores.a_store - INFO - [팝업처리] 공지 팝업 닫기 성공
2025-06-14 22:56:09,839 - stores.a_store - INFO - [로그인] 로그인 성공
2025-06-14 22:56:11,199 - stores.a_store - INFO - [로그인 후] 첫 번째 팝업 닫기 버튼 클릭 성공
2025-06-14 22:56:11,250 - stores.a_store - INFO - [로그인 후] 두 번째 팝업 닫기 버튼 클릭 성공
2025-06-14 22:56:11,261 - stores.a_store - INFO - [차량검색] 차량 번호 입력 성공
2025-06-14 22:56:12,326 - stores.a_store - ERROR - [차량검색] #parkName: 검색된 차량이 없습니다.
2025-06-14 22:56:13,291 - utils.telegram_notifier - INFO - [텔레그램] 실패 알림 전송 성공
2025-06-14 22:56:13,344 - __main__ - ERROR - [테스트 실패] 쿠폰 처리 중 오류가 발생했습니다.
