2025-06-28 12:03:04,150 - store_b - INFO - ✅ B 매장 로그인 성공
2025-06-28 12:03:06,245 - store_b - INFO - ✅ 안내 팝업 처리 완료
2025-06-28 12:03:06,267 - store_b - INFO - 🔍 검색 상태 유지 체크박스 발견 - 현재 상태: 체크됨
2025-06-28 12:03:06,268 - store_b - INFO - ℹ️ 검색 상태 유지 체크박스 이미 활성화됨
2025-06-28 12:03:10,392 - store_b - INFO - ✅ 차량번호 '1690' 검색 성공
2025-06-28 12:03:11,410 - store_b - INFO - 페이지 정리 완료
2025-06-28 12:03:11,611 - store_b - INFO - 브라우저 정리 완료
2025-06-28 12:03:11,625 - store_b - INFO - Playwright 정리 완료
2025-06-28 12:03:46,719 - store_b - INFO - ✅ B 매장 로그인 성공
2025-06-28 12:03:48,776 - store_b - INFO - ✅ 안내 팝업 처리 완료
2025-06-28 12:03:48,795 - store_b - INFO - 🔍 검색 상태 유지 체크박스 발견 - 현재 상태: 체크됨
2025-06-28 12:03:48,795 - store_b - INFO - ℹ️ 검색 상태 유지 체크박스 이미 활성화됨
2025-06-28 12:03:52,942 - store_b - INFO - ✅ 차량번호 '1690' 검색 성공
2025-06-28 12:03:52,961 - store_b - INFO - ✅ 현재 페이지에서 남은잔여량 발견: 
												남은잔여량
												
													30,300 원
												
											
2025-06-28 12:03:52,962 - store_b - INFO - ✅ 남은잔여량: 30300원 → 유료 30분할인 101개
2025-06-28 12:03:52,962 - store_b - INFO - ✅ 현재 페이지에서 남은잔여량 확인: 
												남은잔여량
												
													30,300 원
												
											
2025-06-28 12:03:52,963 - store_b - INFO - 📊 할인 내역 테이블 분석 시작
2025-06-28 12:03:52,976 - store_b - INFO - 📋 페이지 전체 테이블 수: 6
2025-06-28 12:03:53,003 - store_b - INFO - ✅ 할인내역 테이블 발견: 테이블 3
2025-06-28 12:03:53,010 - store_b - INFO - 📊 tbody에서 발견된 행 수: 2
2025-06-28 12:03:53,049 - store_b - INFO - 📋 헤더 행 스킵: ['순번', '할인값', '등록자', '등록시간', '삭제']
2025-06-28 12:03:53,049 - store_b - INFO - 📊 할인 내역 분석 완료: 총 0건의 할인 발견
2025-06-28 12:03:53,050 - store_b - INFO - 📊 B 매장 쿠폰 현황 분석:
2025-06-28 12:03:53,050 - store_b - INFO -    💰 현재 보유 쿠폰: {'PAID_30MIN': 101}
2025-06-28 12:03:53,050 - store_b - INFO -    🏪 우리 매장에서 적용한 쿠폰: {}
2025-06-28 12:03:53,051 - store_b - INFO -    🌍 총 적용 쿠폰 (전체): {}
2025-06-28 12:03:54,069 - store_b - INFO - 페이지 정리 완료
2025-06-28 12:03:54,260 - store_b - INFO - 브라우저 정리 완료
2025-06-28 12:03:54,275 - store_b - INFO - Playwright 정리 완료
2025-06-28 12:04:40,118 - store_b - INFO - ✅ B 매장 로그인 성공
2025-06-28 12:04:42,206 - store_b - INFO - ✅ 안내 팝업 처리 완료
2025-06-28 12:04:42,227 - store_b - INFO - 🔍 검색 상태 유지 체크박스 발견 - 현재 상태: 체크됨
2025-06-28 12:04:42,228 - store_b - INFO - ℹ️ 검색 상태 유지 체크박스 이미 활성화됨
2025-06-28 12:04:46,344 - store_b - INFO - ✅ 차량번호 '1690' 검색 성공
2025-06-28 12:04:46,359 - store_b - INFO - ✅ 현재 페이지에서 남은잔여량 발견: 
												남은잔여량
												
													30,300 원
												
											
2025-06-28 12:04:46,360 - store_b - INFO - ✅ 남은잔여량: 30300원 → 유료 30분할인 101개
2025-06-28 12:04:46,361 - store_b - INFO - ✅ 현재 페이지에서 남은잔여량 확인: 
												남은잔여량
												
													30,300 원
												
											
2025-06-28 12:04:46,361 - store_b - INFO - 📊 할인 내역 테이블 분석 시작
2025-06-28 12:04:46,374 - store_b - INFO - 📋 페이지 전체 테이블 수: 6
2025-06-28 12:04:46,412 - store_b - INFO - ✅ 할인내역 테이블 발견: 테이블 3
2025-06-28 12:04:46,421 - store_b - INFO - 📊 tbody에서 발견된 행 수: 2
2025-06-28 12:04:46,476 - store_b - INFO - 📋 헤더 행 스킵: ['순번', '할인값', '등록자', '등록시간', '삭제']
2025-06-28 12:04:46,477 - store_b - INFO - 📊 할인 내역 분석 완료: 총 0건의 할인 발견
2025-06-28 12:04:46,477 - store_b - INFO - 📊 B 매장 쿠폰 현황 분석:
2025-06-28 12:04:46,477 - store_b - INFO -    💰 현재 보유 쿠폰: {'PAID_30MIN': {'car': 101, 'total': 101}}
2025-06-28 12:04:46,478 - store_b - INFO -    🏪 우리 매장에서 적용한 쿠폰: {}
2025-06-28 12:04:46,478 - store_b - INFO -    🌍 총 적용 쿠폰 (전체): {}
2025-06-28 12:04:46,521 - store_b - INFO - 페이지 정리 완료
2025-06-28 12:04:46,710 - store_b - INFO - 브라우저 정리 완료
2025-06-28 12:04:46,723 - store_b - INFO - Playwright 정리 완료
2025-06-28 12:09:59,300 - store_b - INFO - ✅ B 매장 로그인 성공
2025-06-28 12:10:01,397 - store_b - INFO - ✅ 안내 팝업 처리 완료
2025-06-28 12:10:01,455 - store_b - INFO - 🔍 검색 상태 유지 체크박스 발견 - 현재 상태: 체크됨
2025-06-28 12:10:01,462 - store_b - INFO - ℹ️ 검색 상태 유지 체크박스 이미 활성화됨
2025-06-28 12:10:05,677 - store_b - INFO - ✅ 차량번호 '1690' 검색 성공
2025-06-28 12:10:05,707 - store_b - INFO - ✅ 현재 페이지에서 남은잔여량 발견: 
												남은잔여량
												
													30,300 원
												
											
2025-06-28 12:10:05,715 - store_b - INFO - ✅ 남은잔여량: 30300원 → 유료 30분할인 101개
2025-06-28 12:10:05,723 - store_b - INFO - ✅ 현재 페이지에서 남은잔여량 확인: 
												남은잔여량
												
													30,300 원
												
											
2025-06-28 12:10:05,731 - store_b - INFO - 📊 할인 내역 테이블 분석 시작
2025-06-28 12:10:05,758 - store_b - INFO - 📋 페이지 전체 테이블 수: 6
2025-06-28 12:10:05,796 - store_b - INFO - ✅ 할인내역 테이블 발견: 테이블 3
2025-06-28 12:10:05,810 - store_b - INFO - 📊 tbody에서 발견된 행 수: 2
2025-06-28 12:10:05,871 - store_b - INFO - 📋 헤더 행 스킵: ['순번', '할인값', '등록자', '등록시간', '삭제']
2025-06-28 12:10:05,879 - store_b - INFO - 📊 할인 내역 분석 완료: 총 0건의 할인 발견
2025-06-28 12:10:05,887 - store_b - INFO - 📊 B 매장 쿠폰 현황 분석:
2025-06-28 12:10:05,894 - store_b - INFO -    💰 현재 보유 쿠폰: {'PAID_30MIN': {'car': 101, 'total': 101}}
2025-06-28 12:10:05,902 - store_b - INFO -    🏪 우리 매장에서 적용한 쿠폰: {}
2025-06-28 12:10:05,909 - store_b - INFO -    🌍 총 적용 쿠폰 (전체): {}
2025-06-28 12:10:05,974 - store_b - INFO - 페이지 정리 완료
2025-06-28 12:10:06,183 - store_b - INFO - 브라우저 정리 완료
2025-06-28 12:10:06,196 - store_b - INFO - Playwright 정리 완료
2025-06-28 12:30:43,667 - store_b - INFO - ✅ B 매장 로그인 성공
2025-06-28 12:30:45,747 - store_b - INFO - ✅ 안내 팝업 처리 완료
2025-06-28 12:30:45,780 - store_b - INFO - 🔍 검색 상태 유지 체크박스 발견 - 현재 상태: 체크됨
2025-06-28 12:30:45,788 - store_b - INFO - ℹ️ 검색 상태 유지 체크박스 이미 활성화됨
2025-06-28 12:30:49,948 - store_b - INFO - ✅ 차량번호 '1690' 검색 성공
2025-06-28 12:30:49,955 - store_b - INFO - ✅ B 매장 무료 쿠폰은 항상 보유: 999개
2025-06-28 12:30:49,981 - store_b - INFO - ✅ 현재 페이지에서 남은잔여량 발견: 
												남은잔여량
												
													29,700 원
												
											
2025-06-28 12:30:49,988 - store_b - INFO - ✅ 남은잔여량: 29700원 → 유료 30분할인 (판매 : 300 ) 99개
2025-06-28 12:30:49,995 - store_b - INFO - ✅ 현재 페이지에서 남은잔여량 확인: 
												남은잔여량
												
													29,700 원
												
											
2025-06-28 12:30:50,002 - store_b - INFO - 📊 할인 내역 테이블 분석 시작
2025-06-28 12:30:50,025 - store_b - INFO - 📋 페이지 전체 테이블 수: 6
2025-06-28 12:30:50,064 - store_b - INFO - ✅ 할인내역 테이블 발견: 테이블 3
2025-06-28 12:30:50,078 - store_b - INFO - 📊 tbody에서 발견된 행 수: 2
2025-06-28 12:30:50,139 - store_b - INFO - 📋 헤더 행 스킵: ['순번', '할인값', '등록자', '등록시간', '삭제']
2025-06-28 12:30:50,146 - store_b - INFO - 📊 할인 내역 분석 완료: 총 0건의 할인 발견
2025-06-28 12:30:50,153 - store_b - INFO - 📊 B 매장 쿠폰 현황 분석:
2025-06-28 12:30:50,160 - store_b - INFO -    💰 현재 보유 쿠폰: {'무료 1시간할인': {'car': 999, 'total': 999}, '유료 30분할인 (판매 : 300 )': {'car': 99, 'total': 99}}
2025-06-28 12:30:50,167 - store_b - INFO -    🏪 우리 매장에서 적용한 쿠폰: {}
2025-06-28 12:30:50,174 - store_b - INFO -    🌍 총 적용 쿠폰 (전체): {}
2025-06-28 12:30:50,198 - store_b - INFO - 🎫 B 매장 쿠폰 적용 시작: {'무료 1시간할인': 1, '유료 30분할인 (판매 : 300 )': 2}
2025-06-28 12:30:50,205 - store_b - INFO - ℹ️ 적용할 쿠폰이 없음
2025-06-28 12:30:50,262 - store_b - INFO - 페이지 정리 완료
2025-06-28 12:30:50,457 - store_b - INFO - 브라우저 정리 완료
2025-06-28 12:30:50,470 - store_b - INFO - Playwright 정리 완료
2025-06-28 13:07:48,104 - store_b - INFO - [성공] B 매장 로그인 성공
2025-06-28 13:07:50,167 - store_b - INFO - [성공] 안내 팝업 처리 완료
2025-06-28 13:07:50,192 - store_b - INFO - [검색] 검색 상태 유지 체크박스 발견 - 현재 상태: 체크됨
2025-06-28 13:07:50,193 - store_b - INFO - [정보] 검색 상태 유지 체크박스 이미 활성화됨
2025-06-28 13:07:54,334 - store_b - INFO - [성공] 차량번호 '1690' 검색 성공
2025-06-28 13:07:54,334 - store_b - INFO - [성공] B 매장 무료 쿠폰은 항상 보유: 999개
2025-06-28 13:07:54,351 - store_b - INFO - [성공] 현재 페이지에서 남은잔여량 발견: 
												남은잔여량
												
													29,100 원
												
											
2025-06-28 13:07:54,352 - store_b - INFO - [성공] 남은잔여량: 29100원 → 유료 30분할인 (판매 : 300 ) 97개
2025-06-28 13:07:54,354 - store_b - INFO - [성공] 현재 페이지에서 남은잔여량 확인: 
												남은잔여량
												
													29,100 원
												
											
2025-06-28 13:07:54,355 - store_b - INFO - [분석] 할인 내역 테이블 분석 시작
2025-06-28 13:07:54,369 - store_b - INFO - 📋 페이지 전체 테이블 수: 6
2025-06-28 13:07:54,417 - store_b - INFO - [성공] 할인내역 테이블 발견: 테이블 3
2025-06-28 13:07:54,424 - store_b - INFO - [분석] tbody에서 발견된 행 수: 2
2025-06-28 13:07:54,472 - store_b - INFO - 📋 헤더 행 스킵: ['순번', '할인값', '등록자', '등록시간', '삭제']
2025-06-28 13:07:54,480 - store_b - INFO - [분석] 할인 내역 분석 완료: 총 0건의 할인 발견
2025-06-28 13:07:54,480 - store_b - INFO - [분석] B 매장 쿠폰 현황 분석:
2025-06-28 13:07:54,481 - store_b - INFO -    [보유] 현재 보유 쿠폰: {'무료 1시간할인': {'car': 999, 'total': 999}, '유료 30분할인 (판매 : 300 )': {'car': 97, 'total': 97}}
2025-06-28 13:07:54,482 - store_b - INFO -    [매장] 우리 매장에서 적용한 쿠폰: {}
2025-06-28 13:07:54,482 - store_b - INFO -    [전체] 총 적용 쿠폰 (전체): {}
2025-06-28 13:07:54,499 - store_b - INFO - [쿠폰] B 매장 쿠폰 적용 시작: {'무료 1시간할인': 1, '유료 30분할인 (판매 : 300 )': 2}
2025-06-28 13:07:54,500 - store_b - INFO - [정보] 적용할 쿠폰이 없음
2025-06-28 13:07:54,533 - store_b - INFO - 페이지 정리 완료
2025-06-28 13:07:54,703 - store_b - INFO - 브라우저 정리 완료
2025-06-28 13:07:54,719 - store_b - INFO - Playwright 정리 완료
2025-06-28 13:11:57,807 - store_b - INFO - [성공] B 매장 로그인 성공
2025-06-28 13:11:59,884 - store_b - INFO - [성공] 안내 팝업 처리 완료
2025-06-28 13:11:59,920 - store_b - INFO - [검색] 검색 상태 유지 체크박스 발견 - 현재 상태: 체크됨
2025-06-28 13:11:59,921 - store_b - INFO - [정보] 검색 상태 유지 체크박스 이미 활성화됨
2025-06-28 13:12:04,070 - store_b - INFO - [성공] 차량번호 '1690' 검색 성공
2025-06-28 13:12:04,070 - store_b - INFO - [성공] B 매장 무료 쿠폰은 항상 보유: 999개
2025-06-28 13:12:04,086 - store_b - INFO - [성공] 현재 페이지에서 남은잔여량 발견: 
												남은잔여량
												
													29,100 원
												
											
2025-06-28 13:12:04,087 - store_b - INFO - [성공] 남은잔여량: 29100원 → 유료 30분할인 (판매 : 300 ) 97개
2025-06-28 13:12:04,087 - store_b - INFO - [성공] 현재 페이지에서 남은잔여량 확인: 
												남은잔여량
												
													29,100 원
												
											
2025-06-28 13:12:04,088 - store_b - INFO - [분석] 할인 내역 테이블 분석 시작
2025-06-28 13:12:04,101 - store_b - INFO - 📋 페이지 전체 테이블 수: 6
2025-06-28 13:12:04,135 - store_b - INFO - [성공] 할인내역 테이블 발견: 테이블 3
2025-06-28 13:12:04,142 - store_b - INFO - [분석] tbody에서 발견된 행 수: 2
2025-06-28 13:12:04,188 - store_b - INFO - 📋 헤더 행 스킵: ['순번', '할인값', '등록자', '등록시간', '삭제']
2025-06-28 13:12:04,196 - store_b - INFO - [분석] 할인 내역 분석 완료: 총 0건의 할인 발견
2025-06-28 13:12:04,197 - store_b - INFO - [분석] B 매장 쿠폰 현황 분석:
2025-06-28 13:12:04,197 - store_b - INFO -    [보유] 현재 보유 쿠폰: {'무료 1시간할인': {'car': 999, 'total': 999}, '유료 30분할인 (판매 : 300 )': {'car': 97, 'total': 97}}
2025-06-28 13:12:04,198 - store_b - INFO -    [매장] 우리 매장에서 적용한 쿠폰: {}
2025-06-28 13:12:04,199 - store_b - INFO -    [전체] 총 적용 쿠폰 (전체): {}
2025-06-28 13:12:04,215 - store_b - INFO - [쿠폰] B 매장 쿠폰 적용 시작: {'무료 1시간할인': 1, '유료 30분할인 (판매 : 300 )': 2}
2025-06-28 13:12:04,215 - store_b - INFO - [정보] 적용할 쿠폰이 없음
2025-06-28 13:12:04,291 - store_b - INFO - 페이지 정리 완료
2025-06-28 13:12:04,456 - store_b - INFO - 브라우저 정리 완료
2025-06-28 13:12:04,467 - store_b - INFO - Playwright 정리 완료
2025-06-28 13:20:08,437 - store_b - INFO - [성공] B 매장 로그인 성공
2025-06-28 13:20:10,497 - store_b - INFO - [성공] 안내 팝업 처리 완료
2025-06-28 13:20:10,526 - store_b - INFO - [검색] 검색 상태 유지 체크박스 발견 - 현재 상태: 체크됨
2025-06-28 13:20:10,527 - store_b - INFO - [정보] 검색 상태 유지 체크박스 이미 활성화됨
2025-06-28 13:20:14,680 - store_b - INFO - [성공] 차량번호 '1690' 검색 성공
2025-06-28 13:20:14,682 - store_b - INFO - [성공] B 매장 무료 쿠폰은 항상 보유: 999개
2025-06-28 13:20:14,701 - store_b - INFO - [성공] 현재 페이지에서 남은잔여량 발견: 
												남은잔여량
												
													29,100 원
												
											
2025-06-28 13:20:14,702 - store_b - INFO - [성공] 남은잔여량: 29100원 → 유료 30분할인 (판매 : 300 ) 97개
2025-06-28 13:20:14,702 - store_b - INFO - [성공] 현재 페이지에서 남은잔여량 확인: 
												남은잔여량
												
													29,100 원
												
											
2025-06-28 13:20:14,703 - store_b - INFO - [분석] 할인 내역 테이블 분석 시작
2025-06-28 13:20:14,720 - store_b - INFO - 📋 페이지 전체 테이블 수: 6
2025-06-28 13:20:14,758 - store_b - INFO - [성공] 할인내역 테이블 발견: 테이블 3
2025-06-28 13:20:14,767 - store_b - INFO - [분석] tbody에서 발견된 행 수: 2
2025-06-28 13:20:14,824 - store_b - INFO - 📋 헤더 행 스킵: ['순번', '할인값', '등록자', '등록시간', '삭제']
2025-06-28 13:20:14,831 - store_b - INFO - [분석] 할인 내역 분석 완료: 총 0건의 할인 발견
2025-06-28 13:20:14,832 - store_b - INFO - [분석] B 매장 쿠폰 현황 분석:
2025-06-28 13:20:14,833 - store_b - INFO -    [보유] 현재 보유 쿠폰: {'무료 1시간할인': {'car': 999, 'total': 999}, '유료 30분할인 (판매 : 300 )': {'car': 97, 'total': 97}}
2025-06-28 13:20:14,833 - store_b - INFO -    [매장] 우리 매장에서 적용한 쿠폰: {}
2025-06-28 13:20:14,834 - store_b - INFO -    [전체] 총 적용 쿠폰 (전체): {}
2025-06-28 13:20:14,850 - store_b - INFO - [쿠폰] B 매장 쿠폰 적용 시작: {'무료 1시간할인': 1, '유료 30분할인 (판매 : 300 )': 2}
2025-06-28 13:20:14,851 - store_b - INFO - [정보] 적용할 쿠폰이 없음
2025-06-28 13:20:14,887 - store_b - INFO - 페이지 정리 완료
2025-06-28 13:20:15,053 - store_b - INFO - 브라우저 정리 완료
2025-06-28 13:20:15,065 - store_b - INFO - Playwright 정리 완료
2025-06-28 13:21:34,081 - store_b - INFO - [성공] B 매장 로그인 성공
2025-06-28 13:21:36,151 - store_b - INFO - [성공] 안내 팝업 처리 완료
2025-06-28 13:21:36,179 - store_b - INFO - [검색] 검색 상태 유지 체크박스 발견 - 현재 상태: 체크됨
2025-06-28 13:21:36,180 - store_b - INFO - [정보] 검색 상태 유지 체크박스 이미 활성화됨
2025-06-28 13:21:40,324 - store_b - INFO - [성공] 차량번호 '1690' 검색 성공
2025-06-28 13:21:40,325 - store_b - INFO - [성공] B 매장 무료 쿠폰은 항상 보유: 999개
2025-06-28 13:21:40,342 - store_b - INFO - [성공] 현재 페이지에서 남은잔여량 발견: 
												남은잔여량
												
													29,100 원
												
											
2025-06-28 13:21:40,343 - store_b - INFO - [성공] 남은잔여량: 29100원 → 유료 30분할인 (판매 : 300 ) 97개
2025-06-28 13:21:40,344 - store_b - INFO - [성공] 현재 페이지에서 남은잔여량 확인: 
												남은잔여량
												
													29,100 원
												
											
2025-06-28 13:21:40,344 - store_b - INFO - [분석] 할인 내역 테이블 분석 시작
2025-06-28 13:21:40,360 - store_b - INFO - 📋 페이지 전체 테이블 수: 6
2025-06-28 13:21:40,397 - store_b - INFO - [성공] 할인내역 테이블 발견: 테이블 3
2025-06-28 13:21:40,407 - store_b - INFO - [분석] tbody에서 발견된 행 수: 2
2025-06-28 13:21:40,464 - store_b - INFO - 📋 헤더 행 스킵: ['순번', '할인값', '등록자', '등록시간', '삭제']
2025-06-28 13:21:40,474 - store_b - INFO - [분석] 할인 내역 분석 완료: 총 0건의 할인 발견
2025-06-28 13:21:40,474 - store_b - INFO - [분석] B 매장 쿠폰 현황 분석:
2025-06-28 13:21:40,475 - store_b - INFO -    [보유] 현재 보유 쿠폰: {'무료 1시간할인': {'car': 999, 'total': 999}, '유료 30분할인 (판매 : 300 )': {'car': 97, 'total': 97}}
2025-06-28 13:21:40,475 - store_b - INFO -    [매장] 우리 매장에서 적용한 쿠폰: {}
2025-06-28 13:21:40,476 - store_b - INFO -    [전체] 총 적용 쿠폰 (전체): {}
2025-06-28 13:21:40,494 - store_b - INFO - [쿠폰] B 매장 쿠폰 적용 시작: {'무료 1시간할인': 1, '유료 30분할인 (판매 : 300 )': 2}
2025-06-28 13:21:40,495 - store_b - INFO - [정보] 적용할 쿠폰이 없음
2025-06-28 13:21:40,532 - store_b - INFO - 페이지 정리 완료
2025-06-28 13:21:40,721 - store_b - INFO - 브라우저 정리 완료
2025-06-28 13:21:40,733 - store_b - INFO - Playwright 정리 완료
2025-06-28 13:24:04,729 - store_b - INFO - [성공] B 매장 로그인 성공
2025-06-28 13:24:06,809 - store_b - INFO - [성공] 안내 팝업 처리 완료
2025-06-28 13:24:06,838 - store_b - INFO - [검색] 검색 상태 유지 체크박스 발견 - 현재 상태: 체크됨
2025-06-28 13:24:06,839 - store_b - INFO - [정보] 검색 상태 유지 체크박스 이미 활성화됨
2025-06-28 13:24:11,067 - store_b - INFO - [성공] 차량번호 '1690' 검색 성공
2025-06-28 13:24:11,068 - store_b - INFO - [성공] B 매장 무료 쿠폰은 항상 보유: 999개
2025-06-28 13:24:11,084 - store_b - INFO - [성공] 현재 페이지에서 남은잔여량 발견: 
												남은잔여량
												
													29,100 원
												
											
2025-06-28 13:24:11,085 - store_b - INFO - [성공] 남은잔여량: 29100원 → 유료 30분할인 (판매 : 300 ) 97개
2025-06-28 13:24:11,086 - store_b - INFO - [성공] 현재 페이지에서 남은잔여량 확인: 
												남은잔여량
												
													29,100 원
												
											
2025-06-28 13:24:11,087 - store_b - INFO - [분석] 할인 내역 테이블 분석 시작
2025-06-28 13:24:11,102 - store_b - INFO - 📋 페이지 전체 테이블 수: 6
2025-06-28 13:24:11,142 - store_b - INFO - [성공] 할인내역 테이블 발견: 테이블 3
2025-06-28 13:24:11,150 - store_b - INFO - [분석] tbody에서 발견된 행 수: 2
2025-06-28 13:24:11,203 - store_b - INFO - 📋 헤더 행 스킵: ['순번', '할인값', '등록자', '등록시간', '삭제']
2025-06-28 13:24:11,211 - store_b - INFO - [분석] 할인 내역 분석 완료: 총 0건의 할인 발견
2025-06-28 13:24:11,212 - store_b - INFO - [분석] B 매장 쿠폰 현황 분석:
2025-06-28 13:24:11,212 - store_b - INFO -    [보유] 현재 보유 쿠폰: {'무료 1시간할인': {'car': 999, 'total': 999}, '유료 30분할인 (판매 : 300 )': {'car': 97, 'total': 97}}
2025-06-28 13:24:11,212 - store_b - INFO -    [매장] 우리 매장에서 적용한 쿠폰: {}
2025-06-28 13:24:11,213 - store_b - INFO -    [전체] 총 적용 쿠폰 (전체): {}
2025-06-28 13:24:11,226 - store_b - INFO - [쿠폰] B 매장 쿠폰 적용 시작: {'무료 1시간할인': 1, '유료 30분할인 (판매 : 300 )': 2}
2025-06-28 13:24:11,227 - store_b - INFO - [정보] 적용할 쿠폰이 없음
2025-06-28 13:24:11,268 - store_b - INFO - 페이지 정리 완료
2025-06-28 13:24:11,444 - store_b - INFO - 브라우저 정리 완료
2025-06-28 13:24:11,455 - store_b - INFO - Playwright 정리 완료
2025-06-28 13:25:58,326 - store_b - INFO - [성공] B 매장 로그인 성공
2025-06-28 13:26:00,392 - store_b - INFO - [성공] 안내 팝업 처리 완료
2025-06-28 13:26:00,420 - store_b - INFO - [검색] 검색 상태 유지 체크박스 발견 - 현재 상태: 체크됨
2025-06-28 13:26:00,421 - store_b - INFO - [정보] 검색 상태 유지 체크박스 이미 활성화됨
2025-06-28 13:26:04,577 - store_b - INFO - [성공] 차량번호 '1690' 검색 성공
2025-06-28 13:26:04,577 - store_b - INFO - [성공] B 매장 무료 쿠폰은 항상 보유: 999개
2025-06-28 13:26:04,596 - store_b - INFO - [성공] 현재 페이지에서 남은잔여량 발견: 
												남은잔여량
												
													29,100 원
												
											
2025-06-28 13:26:04,597 - store_b - INFO - [성공] 남은잔여량: 29100원 → 유료 30분할인 (판매 : 300 ) 97개
2025-06-28 13:26:04,597 - store_b - INFO - [성공] 현재 페이지에서 남은잔여량 확인: 
												남은잔여량
												
													29,100 원
												
											
2025-06-28 13:26:04,599 - store_b - INFO - [분석] 할인 내역 테이블 분석 시작
2025-06-28 13:26:04,614 - store_b - INFO - 📋 페이지 전체 테이블 수: 6
2025-06-28 13:26:04,655 - store_b - INFO - [성공] 할인내역 테이블 발견: 테이블 3
2025-06-28 13:26:04,664 - store_b - INFO - [분석] tbody에서 발견된 행 수: 2
2025-06-28 13:26:04,724 - store_b - INFO - 📋 헤더 행 스킵: ['순번', '할인값', '등록자', '등록시간', '삭제']
2025-06-28 13:26:04,734 - store_b - INFO - [분석] 할인 내역 분석 완료: 총 0건의 할인 발견
2025-06-28 13:26:04,734 - store_b - INFO - [분석] B 매장 쿠폰 현황 분석:
2025-06-28 13:26:04,735 - store_b - INFO -    [보유] 현재 보유 쿠폰: {'무료 1시간할인': {'car': 999, 'total': 999}, '유료 30분할인 (판매 : 300 )': {'car': 97, 'total': 97}}
2025-06-28 13:26:04,736 - store_b - INFO -    [매장] 우리 매장에서 적용한 쿠폰: {}
2025-06-28 13:26:04,736 - store_b - INFO -    [전체] 총 적용 쿠폰 (전체): {}
2025-06-28 13:26:04,754 - store_b - INFO - [쿠폰] B 매장 쿠폰 적용 시작: {'무료 1시간할인': 1, '유료 30분할인 (판매 : 300 )': 2}
2025-06-28 13:26:04,755 - store_b - INFO - [정보] 적용할 쿠폰이 없음
2025-06-28 13:26:04,807 - store_b - INFO - 페이지 정리 완료
2025-06-28 13:26:04,996 - store_b - INFO - 브라우저 정리 완료
2025-06-28 13:26:05,008 - store_b - INFO - Playwright 정리 완료
